<?xml version="1.0" encoding="UTF-8"?>
<!-- Generated by org.testng.reporters.JUnitReportReporter -->
<testsuite hostname="BLR-STR-GAUTHAM" failures="0" tests="3" name="com.Selenium.Dataprovidertest" time="0.008" errors="0" timestamp="2022-04-02T20:09:10 IST" skipped="0">
  <testcase classname="com.Selenium.Dataprovidertest" name="setData" time="0.006"/>
  <system-out/>
  <testcase classname="com.Selenium.Dataprovidertest" name="setData" time="0.001"/>
  <system-out/>
  <testcase classname="com.Selenium.Dataprovidertest" name="setData" time="0.001"/>
  <system-out/>
</testsuite> <!-- com.Selenium.Dataprovidertest -->
