<?xml version="1.0" encoding="UTF-8"?>
<!-- Generated by org.testng.reporters.JUnitReportReporter -->
<testsuite hostname="BLR-STR-GAUTHAM" failures="0" tests="3" name="com.Selenium.datap.Testcase" time="8.850" errors="0" timestamp="2022-04-02T20:27:49 IST" skipped="0">
  <testcase classname="com.Selenium.datap.Testcase" name="login" time="2.464"/>
  <system-out/>
  <testcase classname="com.Selenium.datap.Testcase" name="login" time="4.063"/>
  <system-out/>
  <testcase classname="com.Selenium.datap.Testcase" name="login" time="2.323"/>
  <system-out/>
</testsuite> <!-- com.Selenium.datap.Testcase -->
