<?xml version="1.0" encoding="UTF-8"?>
<!-- Generated by org.testng.reporters.JUnitReportReporter -->
<testsuite hostname="BLR-STR-GAUTHAM" failures="0" tests="3" name="com.Selenium.testcase1" time="0.003" errors="0" timestamp="2022-04-02T20:38:18 IST" skipped="1">
  <testcase classname="com.Selenium.testcase1" name="sample3" time="0.001"/>
  <system-out/>
  <testcase classname="com.Selenium.testcase1" name="sample2" time="0.002"/>
  <system-out/>
  <testcase classname="com.Selenium.testcase1" name="sample1">
    <skipped/>
  </testcase> <!-- sample1 -->
  <system-out/>
</testsuite> <!-- com.Selenium.testcase1 -->
