<?xml version="1.0" encoding="UTF-8"?>
<!-- Generated by org.testng.reporters.JUnitReportReporter -->
<testsuite hostname="BLR-STR-GAUTHAM" failures="0" tests="2" name="com.RestAssured.ReqSpecification" time="2.397" errors="0" timestamp="2022-02-08T15:45:49 IST" skipped="0">
  <testcase classname="com.RestAssured.ReqSpecification" name="putMethodcall" time="0.724"/>
  <system-out/>
  <testcase classname="com.RestAssured.ReqSpecification" name="deleteMethodcall" time="1.673"/>
  <system-out/>
</testsuite> <!-- com.RestAssured.ReqSpecification -->
