<?xml version="1.0" encoding="UTF-8"?>
<!-- Generated by org.testng.reporters.JUnitReportReporter -->
<testsuite hostname="BLR-STR-GAUTHAM" failures="0" tests="1" name="com.RestAssured.EdxtractResponseanduseJsonpath" time="2.871" errors="0" timestamp="2022-02-08T15:40:18 IST" skipped="0">
  <testcase classname="com.RestAssured.EdxtractResponseanduseJsonpath" name="parsingTheresponse" time="2.871"/>
  <system-out/>
</testsuite> <!-- com.RestAssured.EdxtractResponseanduseJsonpath -->
