<?xml version="1.0" encoding="UTF-8"?>
<!-- Generated by org.testng.reporters.JUnitReportReporter -->
<testsuite hostname="BLR-STR-GAUTHAM" failures="0" tests="1" name="com.RestAssured.Postrequest" time="3.073" errors="0" timestamp="2022-04-30T07:03:28 IST" skipped="0">
  <testcase classname="com.RestAssured.Postrequest" name="postMethodcall" time="3.073"/>
  <system-out/>
</testsuite> <!-- com.RestAssured.Postrequest -->
