<?xml version="1.0" encoding="UTF-8"?>
<!-- Generated by org.testng.reporters.JUnitReportReporter -->
<testsuite hostname="BLR-STR-GAUTHAM" failures="0" tests="1" name="com.RestAssured.ValidateResponse" time="2.779" errors="0" timestamp="2022-03-15T17:33:05 IST" skipped="0">
  <testcase classname="com.RestAssured.ValidateResponse" name="getmethodcall" time="2.779"/>
  <system-out/>
</testsuite> <!-- com.RestAssured.ValidateResponse -->
