<?xml version="1.0" encoding="UTF-8"?>
<!-- Generated by org.testng.reporters.JUnitReportReporter -->
<testsuite hostname="BLR-STR-GAUTHAM" failures="0" tests="1" name="com.RestAssured.Postrequest2" time="2.925" errors="0" timestamp="2022-02-08T11:16:47 IST" skipped="0">
  <testcase classname="com.RestAssured.Postrequest2" name="postmethodcall" time="2.925"/>
  <system-out/>
</testsuite> <!-- com.RestAssured.Postrequest2 -->
