<?xml version="1.0" encoding="UTF-8"?>
<!-- Generated by org.testng.reporters.JUnitReportReporter -->
<testsuite hostname="BLR-STR-GAUTHAM" failures="0" tests="1" name="testscripts.TC1" time="5.915" errors="0" timestamp="2022-04-18T17:45:31 IST" skipped="0">
  <testcase classname="testscripts.TC1" name="fLoginTC" time="5.915"/>
  <system-out/>
</testsuite> <!-- testscripts.TC1 -->
